android/app/build/intermediates/manifest_merge_blame_file/debug/manifest-merger-blame-debug-report.txt
1<?xml version="1.0" encoding="utf-8"?>
2<manifest xmlns:android="http://schemas.android.com/apk/res/android"
3    package="com.scanit"
4    android:versionCode="1"
5    android:versionName="1.0" >
6
7    <uses-sdk
8        android:minSdkVersion="22"
9        android:targetSdkVersion="28" />
10
11    <uses-permission android:name="android.permission.SYSTEM_ALERT_WINDOW" />
11-->src/debug/AndroidManifest.xml:5:5-77
11-->src/debug/AndroidManifest.xml:5:22-75
12    <uses-permission android:name="android.permission.INTERNET" /> <!-- Required -->
12-->src/main/AndroidManifest.xml:4:5-67
12-->src/main/AndroidManifest.xml:4:22-64
13    <uses-permission android:name="android.permission.CAMERA" /> <!-- Include this only if you are planning to use the camera roll -->
13-->src/main/AndroidManifest.xml:6:5-65
13-->src/main/AndroidManifest.xml:6:22-62
14    <uses-permission android:name="android.permission.READ_EXTERNAL_STORAGE" />
14-->src/main/AndroidManifest.xml:9:5-80
14-->src/main/AndroidManifest.xml:9:22-77
15    <uses-permission android:name="android.permission.WRITE_EXTERNAL_STORAGE" /> <!-- Include this only if you are planning to use the microphone for video recording -->
15-->src/main/AndroidManifest.xml:10:5-81
15-->src/main/AndroidManifest.xml:10:22-78
16    <uses-permission android:name="android.permission.RECORD_AUDIO" />
16-->src/main/AndroidManifest.xml:13:5-70
16-->src/main/AndroidManifest.xml:13:22-68
17    <uses-permission android:name="android.permission.ACCESS_WIFI_STATE" />
17-->[com.facebook.flipper:flipper:0.54.0] AndroidManifest.xml:16:5-76
17-->[com.facebook.flipper:flipper:0.54.0] AndroidManifest.xml:16:22-73
18
19    <uses-feature
19-->[:react-native-camera] AndroidManifest.xml:11:5-13:36
20        android:name="android.hardware.camera"
20-->[:react-native-camera] AndroidManifest.xml:12:9-47
21        android:required="false" />
21-->[:react-native-camera] AndroidManifest.xml:13:9-33
22    <uses-feature
22-->[:react-native-camera] AndroidManifest.xml:14:5-16:36
23        android:name="android.hardware.camera.autofocus"
23-->[:react-native-camera] AndroidManifest.xml:15:9-57
24        android:required="false" />
24-->[:react-native-camera] AndroidManifest.xml:16:9-33
25
26    <application
26-->src/main/AndroidManifest.xml:15:5-34:19
27        android:name="com.scanit.MainApplication"
27-->src/main/AndroidManifest.xml:16:7-38
28        android:allowBackup="false"
28-->src/main/AndroidManifest.xml:20:7-34
29        android:appComponentFactory="androidx.core.app.CoreComponentFactory"
29-->[androidx.core:core:1.1.0] AndroidManifest.xml:24:18-86
30        android:debuggable="true"
31        android:icon="@mipmap/ic_launcher"
31-->src/main/AndroidManifest.xml:18:7-41
32        android:label="@string/app_name"
32-->src/main/AndroidManifest.xml:17:7-39
33        android:roundIcon="@mipmap/ic_launcher_round"
33-->src/main/AndroidManifest.xml:19:7-52
34        android:theme="@style/AppTheme"
34-->src/main/AndroidManifest.xml:21:7-38
35        android:usesCleartextTraffic="true" >
35-->src/debug/AndroidManifest.xml:7:18-53
36        <activity
36-->src/main/AndroidManifest.xml:22:7-32:18
37            android:name="com.scanit.MainActivity"
37-->src/main/AndroidManifest.xml:23:9-37
38            android:configChanges="keyboard|keyboardHidden|orientation|screenSize|uiMode"
38-->src/main/AndroidManifest.xml:25:9-86
39            android:label="@string/app_name"
39-->src/main/AndroidManifest.xml:24:9-41
40            android:launchMode="singleTask"
40-->src/main/AndroidManifest.xml:26:9-40
41            android:windowSoftInputMode="adjustResize" >
41-->src/main/AndroidManifest.xml:27:9-51
42            <intent-filter>
42-->src/main/AndroidManifest.xml:28:9-31:25
43                <action android:name="android.intent.action.MAIN" />
43-->src/main/AndroidManifest.xml:29:13-65
43-->src/main/AndroidManifest.xml:29:21-62
44
45                <category android:name="android.intent.category.LAUNCHER" />
45-->src/main/AndroidManifest.xml:30:13-73
45-->src/main/AndroidManifest.xml:30:23-70
46            </intent-filter>
47        </activity>
48        <activity android:name="com.facebook.react.devsupport.DevSettingsActivity" />
48-->src/main/AndroidManifest.xml:33:7-84
48-->src/main/AndroidManifest.xml:33:17-81
49
50        <provider
50-->[:react-native-share] AndroidManifest.xml:12:9-20:20
51            android:name="cl.json.RNShareFileProvider"
51-->[:react-native-share] AndroidManifest.xml:13:13-55
52            android:authorities="com.scanit.rnshare.fileprovider"
52-->[:react-native-share] AndroidManifest.xml:14:13-72
53            android:exported="false"
53-->[:react-native-share] AndroidManifest.xml:15:13-37
54            android:grantUriPermissions="true" >
54-->[:react-native-share] AndroidManifest.xml:16:13-47
55            <meta-data
55-->[:react-native-share] AndroidManifest.xml:17:13-19:64
56                android:name="android.support.FILE_PROVIDER_PATHS"
56-->[:react-native-share] AndroidManifest.xml:18:17-67
57                android:resource="@xml/share_download_paths" />
57-->[:react-native-share] AndroidManifest.xml:19:17-61
58        </provider>
59
60        <activity
60-->[com.google.android.gms:play-services-base:16.0.1] AndroidManifest.xml:23:9-26:75
61            android:name="com.google.android.gms.common.api.GoogleApiActivity"
61-->[com.google.android.gms:play-services-base:16.0.1] AndroidManifest.xml:24:13-79
62            android:exported="false"
62-->[com.google.android.gms:play-services-base:16.0.1] AndroidManifest.xml:25:13-37
63            android:theme="@android:style/Theme.Translucent.NoTitleBar" />
63-->[com.google.android.gms:play-services-base:16.0.1] AndroidManifest.xml:26:13-72
64
65        <meta-data
65-->[com.google.android.gms:play-services-basement:16.1.0] AndroidManifest.xml:23:9-25:69
66            android:name="com.google.android.gms.version"
66-->[com.google.android.gms:play-services-basement:16.1.0] AndroidManifest.xml:24:13-58
67            android:value="@integer/google_play_services_version" />
67-->[com.google.android.gms:play-services-basement:16.1.0] AndroidManifest.xml:25:13-66
68    </application>
69
70</manifest>